<?xml version="1.0" encoding="UTF-8"?>
<testsuite xmlns:xsi="http://www.w3.org/2001/XMLSchema-instance" xsi:noNamespaceSchemaLocation="https://maven.apache.org/surefire/maven-surefire-plugin/xsd/surefire-test-report-3.0.xsd" version="3.0" name="com.programming.techie.productservice.ProductServiceApplicationTests" time="57.693" tests="1" errors="0" skipped="0" failures="0">
  <properties>
[...]
</properties>
  <testcase name="shouldCreateProduct" classname="com.programming.techie.productservice.ProductServiceApplicationTests" time="1.145">
    <system-out><![CDATA[13:48:06.191 [main] INFO org.springframework.test.context.support.AnnotationConfigContextLoaderUtils -- Could not detect default configuration classes for test class [com.programming.techie.productservice.ProductServiceApplicationTests]: ProductServiceApplicationTests does not declare any static, non-private, non-final, nested classes annotated with @Configuration.
13:48:06.241 [main] INFO org.springframework.boot.test.context.SpringBootTestContextBootstrapper -- Found @SpringBootConfiguration com.programming.techie.productservice.ProductServiceApplication for test class com.programming.techie.productservice.ProductServiceApplicationTests
13:48:06.320 [main] INFO org.testcontainers.images.PullPolicy -- Image pull policy will be performed by: DefaultPullPolicy()
13:48:06.321 [main] INFO org.testcontainers.utility.ImageNameSubstitutor -- Image name substitution will be performed by: DefaultImageNameSubstitutor (composite of 'ConfigurationFileImageNameSubstitutor' and 'PrefixingImageNameSubstitutor')
13:48:06.461 [main] INFO org.testcontainers.dockerclient.DockerClientProviderStrategy -- Loaded org.testcontainers.dockerclient.UnixSocketClientProviderStrategy from ~/.testcontainers.properties, will try it first
13:48:06.606 [main] INFO org.testcontainers.dockerclient.DockerClientProviderStrategy -- Found Docker environment with local Unix socket (unix:///var/run/docker.sock)
13:48:06.606 [main] INFO org.testcontainers.DockerClientFactory -- Docker host IP address is localhost
13:48:06.615 [main] INFO org.testcontainers.DockerClientFactory -- Connected to docker: 
  Server Version: 23.0.6
  API Version: 1.42
  Operating System: Alpine Linux v3.18
  Total Memory: 3917 MB
13:48:06.629 [main] INFO tc.testcontainers/ryuk:0.5.1 -- Creating container for image: testcontainers/ryuk:0.5.1
13:48:06.751 [main] INFO tc.testcontainers/ryuk:0.5.1 -- Container testcontainers/ryuk:0.5.1 is starting: 28eca2b3784017cb8e4245245c47419e88091781cc75a8634502312e92aa634c
13:48:07.052 [main] INFO tc.testcontainers/ryuk:0.5.1 -- Container testcontainers/ryuk:0.5.1 started in PT0.423613S
13:48:07.055 [testcontainers-ryuk] WARN org.testcontainers.utility.RyukResourceReaper -- Can not connect to Ryuk at localhost:32768
java.net.ConnectException: Connection refused
	at java.base/sun.nio.ch.Net.pollConnect(Native Method)
	at java.base/sun.nio.ch.Net.pollConnectNow(Net.java:672)
	at java.base/sun.nio.ch.NioSocketImpl.timedFinishConnect(NioSocketImpl.java:542)
	at java.base/sun.nio.ch.NioSocketImpl.connect(NioSocketImpl.java:597)
	at java.base/java.net.SocksSocketImpl.connect(SocksSocketImpl.java:327)
	at java.base/java.net.Socket.connect(Socket.java:633)
	at org.testcontainers.utility.RyukResourceReaper.lambda$null$1(RyukResourceReaper.java:105)
	at org.rnorth.ducttape.ratelimits.RateLimiter.doWhenReady(RateLimiter.java:27)
	at org.testcontainers.utility.RyukResourceReaper.lambda$maybeStart$2(RyukResourceReaper.java:101)
	at java.base/java.lang.Thread.run(Thread.java:833)
13:48:07.311 [testcontainers-ryuk] WARN org.testcontainers.utility.RyukResourceReaper -- Can not connect to Ryuk at localhost:32768
java.net.ConnectException: Connection refused
	at java.base/sun.nio.ch.Net.pollConnect(Native Method)
	at java.base/sun.nio.ch.Net.pollConnectNow(Net.java:672)
	at java.base/sun.nio.ch.NioSocketImpl.timedFinishConnect(NioSocketImpl.java:549)
	at java.base/sun.nio.ch.NioSocketImpl.connect(NioSocketImpl.java:597)
	at java.base/java.net.SocksSocketImpl.connect(SocksSocketImpl.java:327)
	at java.base/java.net.Socket.connect(Socket.java:633)
	at org.testcontainers.utility.RyukResourceReaper.lambda$null$1(RyukResourceReaper.java:105)
	at org.rnorth.ducttape.ratelimits.RateLimiter.doWhenReady(RateLimiter.java:27)
	at org.testcontainers.utility.RyukResourceReaper.lambda$maybeStart$2(RyukResourceReaper.java:101)
	at java.base/java.lang.Thread.run(Thread.java:833)
13:48:07.563 [testcontainers-ryuk] WARN org.testcontainers.utility.RyukResourceReaper -- Can not connect to Ryuk at localhost:32768
java.net.ConnectException: Connection refused
	at java.base/sun.nio.ch.Net.pollConnect(Native Method)
	at java.base/sun.nio.ch.Net.pollConnectNow(Net.java:672)
	at java.base/sun.nio.ch.NioSocketImpl.timedFinishConnect(NioSocketImpl.java:549)
	at java.base/sun.nio.ch.NioSocketImpl.connect(NioSocketImpl.java:597)
	at java.base/java.net.SocksSocketImpl.connect(SocksSocketImpl.java:327)
	at java.base/java.net.Socket.connect(Socket.java:633)
	at org.testcontainers.utility.RyukResourceReaper.lambda$null$1(RyukResourceReaper.java:105)
	at org.rnorth.ducttape.ratelimits.RateLimiter.doWhenReady(RateLimiter.java:27)
	at org.testcontainers.utility.RyukResourceReaper.lambda$maybeStart$2(RyukResourceReaper.java:101)
	at java.base/java.lang.Thread.run(Thread.java:833)
13:48:07.818 [testcontainers-ryuk] WARN org.testcontainers.utility.RyukResourceReaper -- Can not connect to Ryuk at localhost:32768
java.net.ConnectException: Connection refused
	at java.base/sun.nio.ch.Net.pollConnect(Native Method)
	at java.base/sun.nio.ch.Net.pollConnectNow(Net.java:672)
	at java.base/sun.nio.ch.NioSocketImpl.timedFinishConnect(NioSocketImpl.java:549)
	at java.base/sun.nio.ch.NioSocketImpl.connect(NioSocketImpl.java:597)
	at java.base/java.net.SocksSocketImpl.connect(SocksSocketImpl.java:327)
	at java.base/java.net.Socket.connect(Socket.java:633)
	at org.testcontainers.utility.RyukResourceReaper.lambda$null$1(RyukResourceReaper.java:105)
	at org.rnorth.ducttape.ratelimits.RateLimiter.doWhenReady(RateLimiter.java:27)
	at org.testcontainers.utility.RyukResourceReaper.lambda$maybeStart$2(RyukResourceReaper.java:101)
	at java.base/java.lang.Thread.run(Thread.java:833)
13:48:08.074 [testcontainers-ryuk] WARN org.testcontainers.utility.RyukResourceReaper -- Can not connect to Ryuk at localhost:32768
java.net.ConnectException: Connection refused
	at java.base/sun.nio.ch.Net.pollConnect(Native Method)
	at java.base/sun.nio.ch.Net.pollConnectNow(Net.java:672)
	at java.base/sun.nio.ch.NioSocketImpl.timedFinishConnect(NioSocketImpl.java:549)
	at java.base/sun.nio.ch.NioSocketImpl.connect(NioSocketImpl.java:597)
	at java.base/java.net.SocksSocketImpl.connect(SocksSocketImpl.java:327)
	at java.base/java.net.Socket.connect(Socket.java:633)
	at org.testcontainers.utility.RyukResourceReaper.lambda$null$1(RyukResourceReaper.java:105)
	at org.rnorth.ducttape.ratelimits.RateLimiter.doWhenReady(RateLimiter.java:27)
	at org.testcontainers.utility.RyukResourceReaper.lambda$maybeStart$2(RyukResourceReaper.java:101)
	at java.base/java.lang.Thread.run(Thread.java:833)
13:48:08.329 [testcontainers-ryuk] WARN org.testcontainers.utility.RyukResourceReaper -- Can not connect to Ryuk at localhost:32768
java.net.ConnectException: Connection refused
	at java.base/sun.nio.ch.Net.pollConnect(Native Method)
	at java.base/sun.nio.ch.Net.pollConnectNow(Net.java:672)
	at java.base/sun.nio.ch.NioSocketImpl.timedFinishConnect(NioSocketImpl.java:549)
	at java.base/sun.nio.ch.NioSocketImpl.connect(NioSocketImpl.java:597)
	at java.base/java.net.SocksSocketImpl.connect(SocksSocketImpl.java:327)
	at java.base/java.net.Socket.connect(Socket.java:633)
	at org.testcontainers.utility.RyukResourceReaper.lambda$null$1(RyukResourceReaper.java:105)
	at org.rnorth.ducttape.ratelimits.RateLimiter.doWhenReady(RateLimiter.java:27)
	at org.testcontainers.utility.RyukResourceReaper.lambda$maybeStart$2(RyukResourceReaper.java:101)
	at java.base/java.lang.Thread.run(Thread.java:833)
13:48:08.585 [testcontainers-ryuk] WARN org.testcontainers.utility.RyukResourceReaper -- Can not connect to Ryuk at localhost:32768
java.net.ConnectException: Connection refused
	at java.base/sun.nio.ch.Net.pollConnect(Native Method)
	at java.base/sun.nio.ch.Net.pollConnectNow(Net.java:672)
	at java.base/sun.nio.ch.NioSocketImpl.timedFinishConnect(NioSocketImpl.java:549)
	at java.base/sun.nio.ch.NioSocketImpl.connect(NioSocketImpl.java:597)
	at java.base/java.net.SocksSocketImpl.connect(SocksSocketImpl.java:327)
	at java.base/java.net.Socket.connect(Socket.java:633)
	at org.testcontainers.utility.RyukResourceReaper.lambda$null$1(RyukResourceReaper.java:105)
	at org.rnorth.ducttape.ratelimits.RateLimiter.doWhenReady(RateLimiter.java:27)
	at org.testcontainers.utility.RyukResourceReaper.lambda$maybeStart$2(RyukResourceReaper.java:101)
	at java.base/java.lang.Thread.run(Thread.java:833)
13:48:08.837 [testcontainers-ryuk] WARN org.testcontainers.utility.RyukResourceReaper -- Can not connect to Ryuk at localhost:32768
java.net.ConnectException: Connection refused
	at java.base/sun.nio.ch.Net.pollConnect(Native Method)
	at java.base/sun.nio.ch.Net.pollConnectNow(Net.java:672)
	at java.base/sun.nio.ch.NioSocketImpl.timedFinishConnect(NioSocketImpl.java:549)
	at java.base/sun.nio.ch.NioSocketImpl.connect(NioSocketImpl.java:597)
	at java.base/java.net.SocksSocketImpl.connect(SocksSocketImpl.java:327)
	at java.base/java.net.Socket.connect(Socket.java:633)
	at org.testcontainers.utility.RyukResourceReaper.lambda$null$1(RyukResourceReaper.java:105)
	at org.rnorth.ducttape.ratelimits.RateLimiter.doWhenReady(RateLimiter.java:27)
	at org.testcontainers.utility.RyukResourceReaper.lambda$maybeStart$2(RyukResourceReaper.java:101)
	at java.base/java.lang.Thread.run(Thread.java:833)
13:48:09.093 [testcontainers-ryuk] WARN org.testcontainers.utility.RyukResourceReaper -- Can not connect to Ryuk at localhost:32768
java.net.ConnectException: Connection refused
	at java.base/sun.nio.ch.Net.pollConnect(Native Method)
	at java.base/sun.nio.ch.Net.pollConnectNow(Net.java:672)
	at java.base/sun.nio.ch.NioSocketImpl.timedFinishConnect(NioSocketImpl.java:549)
	at java.base/sun.nio.ch.NioSocketImpl.connect(NioSocketImpl.java:597)
	at java.base/java.net.SocksSocketImpl.connect(SocksSocketImpl.java:327)
	at java.base/java.net.Socket.connect(Socket.java:633)
	at org.testcontainers.utility.RyukResourceReaper.lambda$null$1(RyukResourceReaper.java:105)
	at org.rnorth.ducttape.ratelimits.RateLimiter.doWhenReady(RateLimiter.java:27)
	at org.testcontainers.utility.RyukResourceReaper.lambda$maybeStart$2(RyukResourceReaper.java:101)
	at java.base/java.lang.Thread.run(Thread.java:833)
13:48:09.354 [main] INFO org.testcontainers.utility.RyukResourceReaper -- Ryuk started - will monitor and terminate Testcontainers containers on JVM exit
13:48:09.354 [main] INFO org.testcontainers.DockerClientFactory -- Checking the system...
13:48:09.355 [main] INFO org.testcontainers.DockerClientFactory -- ✔︎ Docker server version should be at least 1.6.0
13:48:09.363 [main] INFO tc.mongo:4.4.2 -- Pulling docker image: mongo:4.4.2. Please be patient; this may take some time but only needs to be done once.
13:48:19.866 [docker-java-stream-830364299] INFO tc.mongo:4.4.2 -- Starting to pull image
13:48:19.879 [docker-java-stream-830364299] INFO tc.mongo:4.4.2 -- Pulling image layers:  0 pending,  0 downloaded,  0 extracted, (0 bytes/0 bytes)
13:48:24.742 [docker-java-stream-830364299] INFO tc.mongo:4.4.2 -- Pulling image layers: 11 pending,  1 downloaded,  0 extracted, (762 bytes/? MB)
13:48:24.753 [docker-java-stream-830364299] INFO tc.mongo:4.4.2 -- Pulling image layers: 10 pending,  2 downloaded,  0 extracted, (762 bytes/? MB)
13:48:28.204 [docker-java-stream-830364299] INFO tc.mongo:4.4.2 -- Pulling image layers:  9 pending,  3 downloaded,  0 extracted, (22 MB/? MB)
13:48:28.797 [docker-java-stream-830364299] INFO tc.mongo:4.4.2 -- Pulling image layers:  9 pending,  3 downloaded,  1 extracted, (22 MB/? MB)
13:48:28.822 [docker-java-stream-830364299] INFO tc.mongo:4.4.2 -- Pulling image layers:  9 pending,  3 downloaded,  2 extracted, (22 MB/? MB)
13:48:28.847 [docker-java-stream-830364299] INFO tc.mongo:4.4.2 -- Pulling image layers:  9 pending,  3 downloaded,  3 extracted, (22 MB/? MB)
13:48:29.842 [docker-java-stream-830364299] INFO tc.mongo:4.4.2 -- Pulling image layers:  9 pending,  3 downloaded,  4 extracted, (22 MB/? MB)
13:48:30.396 [docker-java-stream-830364299] INFO tc.mongo:4.4.2 -- Pulling image layers:  9 pending,  3 downloaded,  5 extracted, (25 MB/? MB)
13:48:33.309 [docker-java-stream-830364299] INFO tc.mongo:4.4.2 -- Pulling image layers:  8 pending,  4 downloaded,  5 extracted, (25 MB/? MB)
13:48:34.106 [docker-java-stream-830364299] INFO tc.mongo:4.4.2 -- Pulling image layers:  7 pending,  5 downloaded,  5 extracted, (30 MB/? MB)
13:48:34.265 [docker-java-stream-830364299] INFO tc.mongo:4.4.2 -- Pulling image layers:  7 pending,  5 downloaded,  6 extracted, (30 MB/? MB)
13:48:34.293 [docker-java-stream-830364299] INFO tc.mongo:4.4.2 -- Pulling image layers:  7 pending,  5 downloaded,  7 extracted, (30 MB/? MB)
13:48:35.392 [docker-java-stream-830364299] INFO tc.mongo:4.4.2 -- Pulling image layers:  6 pending,  6 downloaded,  7 extracted, (30 MB/? MB)
13:48:35.421 [docker-java-stream-830364299] INFO tc.mongo:4.4.2 -- Pulling image layers:  6 pending,  6 downloaded,  8 extracted, (30 MB/? MB)
13:48:38.170 [docker-java-stream-830364299] INFO tc.mongo:4.4.2 -- Pulling image layers:  5 pending,  7 downloaded,  8 extracted, (30 MB/? MB)
13:48:38.196 [docker-java-stream-830364299] INFO tc.mongo:4.4.2 -- Pulling image layers:  5 pending,  7 downloaded,  9 extracted, (30 MB/? MB)
13:48:40.514 [docker-java-stream-830364299] INFO tc.mongo:4.4.2 -- Pulling image layers:  4 pending,  8 downloaded,  9 extracted, (41 MB/? MB)
13:48:43.326 [docker-java-stream-830364299] INFO tc.mongo:4.4.2 -- Pulling image layers:  3 pending,  9 downloaded,  9 extracted, (60 MB/? MB)
13:48:57.614 [docker-java-stream-830364299] INFO tc.mongo:4.4.2 -- Pulling image layers:  2 pending, 10 downloaded,  9 extracted, (159 MB/? MB)
13:49:00.583 [docker-java-stream-830364299] INFO tc.mongo:4.4.2 -- Pulling image layers:  2 pending, 10 downloaded, 10 extracted, (160 MB/? MB)
13:49:00.609 [docker-java-stream-830364299] INFO tc.mongo:4.4.2 -- Pulling image layers:  2 pending, 10 downloaded, 11 extracted, (160 MB/? MB)
13:49:00.632 [docker-java-stream-830364299] INFO tc.mongo:4.4.2 -- Pulling image layers:  2 pending, 10 downloaded, 12 extracted, (160 MB/? MB)
13:49:00.641 [main] INFO tc.mongo:4.4.2 -- Image mongo:4.4.2 pull took PT51.277638S
13:49:00.641 [docker-java-stream-830364299] INFO tc.mongo:4.4.2 -- Pull complete. 12 layers, pulled in 40s (downloaded 160 MB at 4 MB/s)
13:49:00.645 [main] INFO tc.mongo:4.4.2 -- Creating container for image: mongo:4.4.2
13:49:00.795 [main] INFO tc.mongo:4.4.2 -- Container mongo:4.4.2 is starting: c6c21ce76e0f83d85717aec0a4d81f8b45c95a975a32df67ee8885d3863e1565
13:49:01.095 [main] INFO tc.mongo:4.4.2 -- Container mongo:4.4.2 started in PT0.450671S

  .   ____          _            __ _ _
 /\\ / ___'_ __ _ _(_)_ __  __ _ \ \ \ \
( ( )\___ | '_ | '_| | '_ \/ _` | \ \ \ \
 \\/  ___)| |_)| | | | | || (_| |  ) ) ) )
  '  |____| .__|_| |_|_| |_\__, | / / / /
 =========|_|==============|___/=/_/_/_/
 :: Spring Boot ::                (v3.2.1)

2024-01-09T13:49:01.450+07:00  INFO 63561 --- [           main] c.p.t.p.ProductServiceApplicationTests   : Starting ProductServiceApplicationTests using Java 17.0.5 with PID 63561 (started by btanh in /Volumes/Data/SourceCode/Personal/springboot-microservices/microservices-parent/product-service)
2024-01-09T13:49:01.452+07:00  INFO 63561 --- [           main] c.p.t.p.ProductServiceApplicationTests   : No active profile set, falling back to 1 default profile: "default"
2024-01-09T13:49:01.750+07:00  INFO 63561 --- [           main] .s.d.r.c.RepositoryConfigurationDelegate : Bootstrapping Spring Data MongoDB repositories in DEFAULT mode.
2024-01-09T13:49:01.786+07:00  INFO 63561 --- [           main] .s.d.r.c.RepositoryConfigurationDelegate : Finished Spring Data repository scanning in 33 ms. Found 1 MongoDB repository interface.
2024-01-09T13:49:02.003+07:00  INFO 63561 --- [           main] org.mongodb.driver.client                : MongoClient with metadata {"driver": {"name": "mongo-java-driver|sync|spring-boot", "version": "4.11.1"}, "os": {"type": "Darwin", "name": "Mac OS X", "architecture": "aarch64", "version": "14.2.1"}, "platform": "Java/Eclipse Adoptium/17.0.5+8"} created with settings MongoClientSettings{readPreference=primary, writeConcern=WriteConcern{w=null, wTimeout=null ms, journal=null}, retryWrites=true, retryReads=true, readConcern=ReadConcern{level=null}, credential=null, transportSettings=null, streamFactoryFactory=null, commandListeners=[], codecRegistry=ProvidersCodecRegistry{codecProviders=[ValueCodecProvider{}, BsonValueCodecProvider{}, DBRefCodecProvider{}, DBObjectCodecProvider{}, DocumentCodecProvider{}, CollectionCodecProvider{}, IterableCodecProvider{}, MapCodecProvider{}, GeoJsonCodecProvider{}, GridFSFileCodecProvider{}, Jsr310CodecProvider{}, JsonObjectCodecProvider{}, BsonCodecProvider{}, EnumCodecProvider{}, com.mongodb.client.model.mql.ExpressionCodecProvider@595814a1, com.mongodb.Jep395RecordCodecProvider@7de5871d, com.mongodb.KotlinCodecProvider@49d42faf]}, loggerSettings=LoggerSettings{maxDocumentLength=1000}, clusterSettings={hosts=[localhost:32769], srvServiceName=mongodb, mode=SINGLE, requiredClusterType=UNKNOWN, requiredReplicaSetName='null', serverSelector='null', clusterListeners='[]', serverSelectionTimeout='30000 ms', localThreshold='15 ms'}, socketSettings=SocketSettings{connectTimeoutMS=10000, readTimeoutMS=0, receiveBufferSize=0, proxySettings=ProxySettings{host=null, port=null, username=null, password=null}}, heartbeatSocketSettings=SocketSettings{connectTimeoutMS=10000, readTimeoutMS=10000, receiveBufferSize=0, proxySettings=ProxySettings{host=null, port=null, username=null, password=null}}, connectionPoolSettings=ConnectionPoolSettings{maxSize=100, minSize=0, maxWaitTimeMS=120000, maxConnectionLifeTimeMS=0, maxConnectionIdleTimeMS=0, maintenanceInitialDelayMS=0, maintenanceFrequencyMS=60000, connectionPoolListeners=[], maxConnecting=2}, serverSettings=ServerSettings{heartbeatFrequencyMS=10000, minHeartbeatFrequencyMS=500, serverListeners='[]', serverMonitorListeners='[]'}, sslSettings=SslSettings{enabled=false, invalidHostNameAllowed=false, context=null}, applicationName='null', compressorList=[], uuidRepresentation=JAVA_LEGACY, serverApi=null, autoEncryptionSettings=null, dnsClient=null, inetAddressResolver=null, contextProvider=null}
2024-01-09T13:49:02.002+07:00  INFO 63561 --- [localhost:32769] org.mongodb.driver.cluster               : Exception in monitor thread while connecting to server localhost:32769

com.mongodb.MongoSocketOpenException: Exception opening socket
	at com.mongodb.internal.connection.SocketStream.lambda$open$0(SocketStream.java:84) ~[mongodb-driver-core-4.11.1.jar:na]
	at java.base/java.util.Optional.orElseThrow(Optional.java:403) ~[na:na]
	at com.mongodb.internal.connection.SocketStream.open(SocketStream.java:84) ~[mongodb-driver-core-4.11.1.jar:na]
	at com.mongodb.internal.connection.InternalStreamConnection.open(InternalStreamConnection.java:211) ~[mongodb-driver-core-4.11.1.jar:na]
	at com.mongodb.internal.connection.DefaultServerMonitor$ServerMonitorRunnable.lookupServerDescription(DefaultServerMonitor.java:196) ~[mongodb-driver-core-4.11.1.jar:na]
	at com.mongodb.internal.connection.DefaultServerMonitor$ServerMonitorRunnable.run(DefaultServerMonitor.java:156) ~[mongodb-driver-core-4.11.1.jar:na]
	at java.base/java.lang.Thread.run(Thread.java:833) ~[na:na]
Caused by: java.net.ConnectException: Connection refused
	at java.base/sun.nio.ch.Net.pollConnect(Native Method) ~[na:na]
	at java.base/sun.nio.ch.Net.pollConnectNow(Net.java:672) ~[na:na]
	at java.base/sun.nio.ch.NioSocketImpl.timedFinishConnect(NioSocketImpl.java:549) ~[na:na]
	at java.base/sun.nio.ch.NioSocketImpl.connect(NioSocketImpl.java:597) ~[na:na]
	at java.base/java.net.SocksSocketImpl.connect(SocksSocketImpl.java:327) ~[na:na]
	at java.base/java.net.Socket.connect(Socket.java:633) ~[na:na]
	at com.mongodb.internal.connection.SocketStreamHelper.initialize(SocketStreamHelper.java:76) ~[mongodb-driver-core-4.11.1.jar:na]
	at com.mongodb.internal.connection.SocketStream.initializeSocket(SocketStream.java:104) ~[mongodb-driver-core-4.11.1.jar:na]
	at com.mongodb.internal.connection.SocketStream.open(SocketStream.java:78) ~[mongodb-driver-core-4.11.1.jar:na]
	... 4 common frames omitted

2024-01-09T13:49:02.385+07:00  INFO 63561 --- [           main] o.s.b.t.m.w.SpringBootMockServletContext : Initializing Spring TestDispatcherServlet ''
2024-01-09T13:49:02.385+07:00  INFO 63561 --- [           main] o.s.t.web.servlet.TestDispatcherServlet  : Initializing Servlet ''
2024-01-09T13:49:02.387+07:00  INFO 63561 --- [           main] o.s.t.web.servlet.TestDispatcherServlet  : Completed initialization in 1 ms
2024-01-09T13:49:02.402+07:00  INFO 63561 --- [           main] c.p.t.p.ProductServiceApplicationTests   : Started ProductServiceApplicationTests in 1.071 seconds (process running for 56.622)
2024-01-09T13:49:03.000+07:00  INFO 63561 --- [           main] org.mongodb.driver.cluster               : No server chosen by WritableServerSelector from cluster description ClusterDescription{type=UNKNOWN, connectionMode=SINGLE, serverDescriptions=[ServerDescription{address=localhost:32769, type=UNKNOWN, state=CONNECTING, exception={com.mongodb.MongoSocketOpenException: Exception opening socket}, caused by {java.net.ConnectException: Connection refused}}]}. Waiting for 30000 ms before timing out
2024-01-09T13:49:03.517+07:00  INFO 63561 --- [localhost:32769] org.mongodb.driver.cluster               : Monitor thread successfully connected to server with description ServerDescription{address=localhost:32769, type=REPLICA_SET_PRIMARY, state=CONNECTED, ok=true, minWireVersion=0, maxWireVersion=9, maxDocumentSize=16777216, logicalSessionTimeoutMinutes=30, roundTripTimeNanos=12986334, setName='docker-rs', canonicalAddress=c6c21ce76e0f:27017, hosts=[c6c21ce76e0f:27017], passives=[], arbiters=[], primary='c6c21ce76e0f:27017', tagSet=TagSet{[]}, electionId=7fffffff0000000000000001, setVersion=1, topologyVersion=TopologyVersion{processId=659cec5ca29f267b9ceaba60, counter=6}, lastWriteDate=Tue Jan 09 13:49:00 ICT 2024, lastUpdateTimeNanos=20358768655833}
2024-01-09T13:49:03.536+07:00  INFO 63561 --- [           main] c.p.t.p.service.ProductService           : Product is saved - product id: 659cec5eb82bc469fdb23325
]]></system-out>
  </testcase>
</testsuite>